#
# There is insufficient memory for the Java Runtime Environment to continue.
# Native memory allocation (mmap) failed to map 520093696 bytes for G1 virtual space
# Possible reasons:
#   The system is out of physical RAM or swap space
#   The process is running with CompressedOops enabled, and the Java Heap may be blocking the growth of the native heap
# Possible solutions:
#   Reduce memory load on the system
#   Increase physical memory or swap space
#   Check if swap backing store is full
#   Decrease Java heap size (-Xmx/-Xms)
#   Decrease number of Java threads
#   Decrease Java thread stack sizes (-Xss)
#   Set larger code cache with -XX:ReservedCodeCacheSize=
#   JVM is running with Zero Based Compressed Oops mode in which the Java heap is
#     placed in the first 32GB address space. The Java Heap base address is the
#     maximum limit for the native heap growth. Please use -XX:HeapBaseMinAddress
#     to set the Java Heap base and to place the Java Heap above 32GB virtual address.
# This output file may be truncated or incomplete.
#
#  Out of Memory Error (os_windows.cpp:3753), pid=4388, tid=23188
#
# JRE version:  (17.0.4.1+7) (build )
# Java VM: OpenJDK 64-Bit Server VM (17.0.4.1+7-b469.62, mixed mode, sharing, tiered, compressed oops, compressed class ptrs, g1 gc, windows-amd64)
# No core dump will be written. Minidumps are not enabled by default on client versions of Windows
#

---------------  S U M M A R Y ------------

Command Line: git4idea.http.GitAskPassApp Username for 'https://github.com': 

Host: Intel(R) Core(TM) i3-8100 CPU @ 3.60GHz, 4 cores, 30G,  Windows 11 , 64 bit Build 22000 (10.0.22000.708)
Time: Thu Oct 27 15:17:00 2022 Hora oficial do Brasil elapsed time: 0.044267 seconds (0d 0h 0m 0s)

---------------  T H R E A D  ---------------

Current thread (0x000001ab5e321e90):  JavaThread "Unknown thread" [_thread_in_vm, id=23188, stack(0x0000006986e00000,0x0000006986f00000)]

Stack: [0x0000006986e00000,0x0000006986f00000]
Native frames: (J=compiled Java code, j=interpreted, Vv=VM code, C=native code)
V  [jvm.dll+0x68356a]
V  [jvm.dll+0x83fab4]
V  [jvm.dll+0x84125e]
V  [jvm.dll+0x8418c3]
V  [jvm.dll+0x249735]
V  [jvm.dll+0x680439]
V  [jvm.dll+0x674a7a]
V  [jvm.dll+0x30956b]
V  [jvm.dll+0x310a26]
V  [jvm.dll+0x36089e]
V  [jvm.dll+0x360acf]
V  [jvm.dll+0x2df658]
V  [jvm.dll+0x2e05c4]
V  [jvm.dll+0x8112a1]
V  [jvm.dll+0x36e6f1]
V  [jvm.dll+0x7f076c]
V  [jvm.dll+0x3f180f]
V  [jvm.dll+0x3f3351]
C  [jli.dll+0x526b]
C  [ucrtbase.dll+0x26c0c]
C  [KERNEL32.DLL+0x154e0]
C  [ntdll.dll+0x485b]


---------------  P R O C E S S  ---------------

Threads class SMR info:
_java_thread_list=0x00007ffd52d37f58, length=0, elements={
}

Java Threads: ( => current thread )

Other Threads:
  0x000001ab5e3caad0 GCTaskThread "GC Thread#0" [stack: 0x0000006986f00000,0x0000006987000000] [id=10696]
  0x000001ab5e3db190 ConcurrentGCThread "G1 Main Marker" [stack: 0x0000006987000000,0x0000006987100000] [id=2912]
  0x000001ab5e3dbba0 ConcurrentGCThread "G1 Conc#0" [stack: 0x0000006987100000,0x0000006987200000] [id=11484]

[error occurred during error reporting (printing all threads), id 0xc0000005, EXCEPTION_ACCESS_VIOLATION (0xc0000005) at pc=0x00007ffd524f0217]

VM state: not at safepoint (not fully initialized)

VM Mutex/Monitor currently owned by a thread:  ([mutex/lock_event])
[0x000001ab5e31e3e0] Heap_lock - owner thread: 0x000001ab5e321e90

Heap address: 0x0000000611000000, size: 7920 MB, Compressed Oops mode: Zero based, Oop shift amount: 3

CDS archive(s) mapped at: [0x0000000000000000-0x0000000000000000-0x0000000000000000), size 0, SharedBaseAddress: 0x0000000800000000, ArchiveRelocationMode: 0.
Narrow klass base: 0x0000000000000000, Narrow klass shift: 0, Narrow klass range: 0x0

GC Precious Log:
<Empty>

Heap:
 garbage-first heap   total 0K, used 0K [0x0000000611000000, 0x0000000800000000)
  region size 4096K, 0 young (0K), 0 survivors (0K)

[error occurred during error reporting (printing heap information), id 0xc0000005, EXCEPTION_ACCESS_VIOLATION (0xc0000005) at pc=0x00007ffd528dd1f9]

GC Heap History (0 events):
No events

Deoptimization events (0 events):
No events

Classes unloaded (0 events):
No events

Classes redefined (0 events):
No events

Internal exceptions (0 events):
No events

VM Operations (0 events):
No events

Events (1 events):
Event: 0.034 Loaded shared library C:\Program Files\JetBrains\WebStorm 2022.1.3\jbr\bin\java.dll


Dynamic libraries:
0x00007ff618830000 - 0x00007ff61883a000 	C:\Program Files\JetBrains\WebStorm 2022.1.3\jbr\bin\java.exe
0x00007ffddf720000 - 0x00007ffddf929000 	C:\Windows\SYSTEM32\ntdll.dll
0x00007ffdddd40000 - 0x00007ffddddfd000 	C:\Windows\System32\KERNEL32.DLL
0x00007ffddcfe0000 - 0x00007ffddd35b000 	C:\Windows\System32\KERNELBASE.dll
0x00007ffddd3e0000 - 0x00007ffddd4f1000 	C:\Windows\System32\ucrtbase.dll
0x00007ffdc0cb0000 - 0x00007ffdc0cc7000 	C:\Program Files\JetBrains\WebStorm 2022.1.3\jbr\bin\jli.dll
0x00007ffddeef0000 - 0x00007ffddf09d000 	C:\Windows\System32\USER32.dll
0x00007ffddcd10000 - 0x00007ffddcd36000 	C:\Windows\System32\win32u.dll
0x00007ffdde460000 - 0x00007ffdde489000 	C:\Windows\System32\GDI32.dll
0x00007ffddcbf0000 - 0x00007ffddcd08000 	C:\Windows\System32\gdi32full.dll
0x00007ffddd500000 - 0x00007ffddd59d000 	C:\Windows\System32\msvcp_win.dll
0x00007ffdba160000 - 0x00007ffdba17b000 	C:\Program Files\JetBrains\WebStorm 2022.1.3\jbr\bin\VCRUNTIME140.dll
0x00007ffdcb750000 - 0x00007ffdcb9f5000 	C:\Windows\WinSxS\amd64_microsoft.windows.common-controls_6595b64144ccf1df_6.0.22000.120_none_9d947278b86cc467\COMCTL32.dll
0x00007ffdddc60000 - 0x00007ffdddd03000 	C:\Windows\System32\msvcrt.dll
0x00007ffdde420000 - 0x00007ffdde451000 	C:\Windows\System32\IMM32.DLL
0x00007ffdce8a0000 - 0x00007ffdce8ac000 	C:\Program Files\JetBrains\WebStorm 2022.1.3\jbr\bin\vcruntime140_1.dll
0x00007ffd6b460000 - 0x00007ffd6b4ed000 	C:\Program Files\JetBrains\WebStorm 2022.1.3\jbr\bin\msvcp140.dll
0x00007ffd52200000 - 0x00007ffd52e69000 	C:\Program Files\JetBrains\WebStorm 2022.1.3\jbr\bin\server\jvm.dll
0x00007ffddf1c0000 - 0x00007ffddf26e000 	C:\Windows\System32\ADVAPI32.dll
0x00007ffdde180000 - 0x00007ffdde21e000 	C:\Windows\System32\sechost.dll
0x00007ffddd6d0000 - 0x00007ffddd7f0000 	C:\Windows\System32\RPCRT4.dll
0x00007ffddd8c0000 - 0x00007ffddd8c8000 	C:\Windows\System32\PSAPI.DLL
0x00007ffdc84a0000 - 0x00007ffdc84a9000 	C:\Windows\SYSTEM32\WSOCK32.dll
0x00007ffddd5a0000 - 0x00007ffddd60f000 	C:\Windows\System32\WS2_32.dll
0x00007ffdd2cd0000 - 0x00007ffdd2d03000 	C:\Windows\SYSTEM32\WINMM.dll
0x00007ffdd7380000 - 0x00007ffdd738a000 	C:\Windows\SYSTEM32\VERSION.dll
0x00007ffddbc30000 - 0x00007ffddbc48000 	C:\Windows\SYSTEM32\kernel.appcore.dll
0x00007ffdab580000 - 0x00007ffdab58a000 	C:\Program Files\JetBrains\WebStorm 2022.1.3\jbr\bin\jimage.dll
0x00007ffdd7110000 - 0x00007ffdd7331000 	C:\Windows\SYSTEM32\DBGHELP.DLL
0x00007ffdc70f0000 - 0x00007ffdc7121000 	C:\Windows\SYSTEM32\dbgcore.DLL
0x00007ffddd360000 - 0x00007ffddd3df000 	C:\Windows\System32\bcryptPrimitives.dll
0x00007ffda1ae0000 - 0x00007ffda1b05000 	C:\Program Files\JetBrains\WebStorm 2022.1.3\jbr\bin\java.dll

dbghelp: loaded successfully - version: 4.0.5 - missing functions: none
symbol engine: initialized successfully - sym options: 0x614 - pdb path: .;C:\Program Files\JetBrains\WebStorm 2022.1.3\jbr\bin;C:\Windows\SYSTEM32;C:\Windows\WinSxS\amd64_microsoft.windows.common-controls_6595b64144ccf1df_6.0.22000.120_none_9d947278b86cc467;C:\Program Files\JetBrains\WebStorm 2022.1.3\jbr\bin\server

VM Arguments:
java_command: git4idea.http.GitAskPassApp Username for 'https://github.com': 
java_class_path (initial): C:/Program Files/JetBrains/WebStorm 2022.1.3/plugins/git4idea/lib/git4idea-rt.jar;C:/Program Files/JetBrains/WebStorm 2022.1.3/lib/externalProcess-rt.jar;C:/Program Files/JetBrains/WebStorm 2022.1.3/lib/app.jar;C:/Program Files/JetBrains/WebStorm 2022.1.3/lib/3rd-party-rt.jar
Launcher Type: SUN_STANDARD

[Global flags]
     intx CICompilerCount                          = 3                                         {product} {ergonomic}
     uint ConcGCThreads                            = 1                                         {product} {ergonomic}
     uint G1ConcRefinementThreads                  = 4                                         {product} {ergonomic}
   size_t G1HeapRegionSize                         = 4194304                                   {product} {ergonomic}
    uintx GCDrainStackTargetSize                   = 64                                        {product} {ergonomic}
   size_t InitialHeapSize                          = 520093696                                 {product} {ergonomic}
   size_t MarkStackSize                            = 4194304                                   {product} {ergonomic}
   size_t MaxHeapSize                              = 8304721920                                {product} {ergonomic}
   size_t MinHeapDeltaBytes                        = 4194304                                   {product} {ergonomic}
   size_t MinHeapSize                              = 8388608                                   {product} {ergonomic}
    uintx NonNMethodCodeHeapSize                   = 5832780                                {pd product} {ergonomic}
    uintx NonProfiledCodeHeapSize                  = 122912730                              {pd product} {ergonomic}
    uintx ProfiledCodeHeapSize                     = 122912730                              {pd product} {ergonomic}
    uintx ReservedCodeCacheSize                    = 251658240                              {pd product} {ergonomic}
     bool SegmentedCodeCache                       = true                                      {product} {ergonomic}
   size_t SoftMaxHeapSize                          = 8304721920                             {manageable} {ergonomic}
     bool UseCompressedClassPointers               = true                           {product lp64_product} {ergonomic}
     bool UseCompressedOops                        = true                           {product lp64_product} {ergonomic}
     bool UseG1GC                                  = true                                      {product} {ergonomic}
     bool UseLargePagesIndividualAllocation        = false                                  {pd product} {ergonomic}

Logging:
Log output configuration:
 #0: stdout all=warning uptime,level,tags
 #1: stderr all=off uptime,level,tags

Environment Variables:
JAVA_HOME=C:\Program Files\Eclipse Adoptium\jdk-11.0.14.101-hotspot\
PATH=C:\Program Files\Git\mingw64\libexec\git-core;C:\Program Files\Git\mingw64\libexec\git-core;C:\Program Files\Git\mingw64\bin;C:\Program Files\Git\usr\bin;C:\Users\liper\bin;C:\Program Files\Eclipse Adoptium\jdk-11.0.14.101-hotspot\bin;C:\Windows\system32;C:\Windows;C:\Windows\System32\Wbem;C:\Windows\System32\WindowsPowerShell\v1.0;C:\Windows\System32\OpenSSH;C:\Program Files\Microsoft VS Code\bin;C:\Program Files\Git\cmd;C:\Program Files\nodejs;C:\Program Files\PostgreSQL\13\bin;C:\Program Files (x86)\NVIDIA Corporation\PhysX\Common;C:\Program Files\Docker\Docker\resources\bin;C:\ProgramData\DockerDesktop\version-bin;C:\Users\liper\AppData\Local\Microsoft\WindowsApps;C:\Program Files\JetBrains\IntelliJ IDEA 2021.2.2\bin;C:\Users\liper\AppData\Roaming\npm;C:\Program Files\JetBrains\WebStorm 2021.2.2\bin
USERNAME=liper
DISPLAY=:0.0
LC_ALL=en_US.UTF-8
TERM=cygwin
TMPDIR=C:\Users\liper\AppData\Local\Temp
OS=Windows_NT
PROCESSOR_IDENTIFIER=Intel64 Family 6 Model 158 Stepping 11, GenuineIntel
TMP=C:\Users\liper\AppData\Local\Temp
TEMP=C:\Users\liper\AppData\Local\Temp



---------------  S Y S T E M  ---------------

OS:
 Windows 11 , 64 bit Build 22000 (10.0.22000.708)
OS uptime: 1 days 6:48 hours
Hyper-V role detected

CPU: total 4 (initial active 4) (4 cores per cpu, 1 threads per core) family 6 model 158 stepping 11 microcode 0xde, cx8, cmov, fxsr, mmx, 3dnowpref, sse, sse2, sse3, ssse3, sse4.1, sse4.2, popcnt, lzcnt, tsc, tscinvbit, avx, avx2, aes, erms, clmul, bmi1, bmi2, adx, fma, vzeroupper, clflush, clflushopt, hv

Memory: 4k page, system-wide physical 31672M (5675M free)
TotalPageFile size 76653M (AvailPageFile size 205M)
current process WorkingSet (physical memory assigned to process): 10M, peak: 10M
current process commit charge ("private bytes"): 52M, peak: 547M

vm_info: OpenJDK 64-Bit Server VM (17.0.4.1+7-b469.62) for windows-amd64 JRE (17.0.4.1+7-b469.62), built on 2022-09-22 by "builduser" with MS VC++ 16.10 / 16.11 (VS2019)

END.
